Synplify Pro (R) Job Log
Date: 14:24:55    12-Dec-2023
Install Directory: C:\Microchip\Libero_SoC_v2023.2\SynplifyPro

JobFlow: synthesis
   Run Start Time: 14:24:46
   Runtime: 09s
   Executable Run Time: 9 - (Sum of all child executables)
   Current Working Directory: C:\Users\Lesc\Documents\LiberoProjects\prj_hamming_apb - TBEC_ RSC\synthesis

   JobFlow: synthesis
      Run Start Time: 14:24:46
      Runtime: 09s
      Executable Run Time: 9 - (Sum of all child executables)

      JobFlow: compile
         Run Start Time: 14:24:46
         Runtime: 03s
         Executable Run Time: 3 - (Sum of all child executables)

         JobFlow: compile_flow
            Run Start Time: 14:24:46
            Runtime: 01s
            Executable Run Time: 1 - (Sum of all child executables)

            Job: compiler
               executable: bin64\c_hdl.exe
               Run Directory: C:/Users/Lesc/Documents/LiberoProjects/prj_hamming_apb - TBEC_ RSC/synthesis
               Run State: complete
               Return Code: 0
               Has Errors: no
               Run Start Time: 14:24:46
               Run Time: 01s
               Executable Run Time: 1 - (Executable run time excluding UI processing)
               Memory Usage: -
               Up-to-date (run skipped): no

            Job: multi_srs_gen
               executable: bin64\syn_nfilter.exe
               Run Directory: C:/Users/Lesc/Documents/LiberoProjects/prj_hamming_apb - TBEC_ RSC/synthesis
               Run State: complete
               Return Code: 0
               Has Errors: no
               Run Start Time: 14:24:47
               Run Time: 00s
               Executable Run Time: 0 - (Executable run time excluding UI processing)
               Memory Usage: -
               Up-to-date (run skipped): yes

         Job: premap
            executable: bin64\m_generic.exe
            Run Directory: C:/Users/Lesc/Documents/LiberoProjects/prj_hamming_apb - TBEC_ RSC/synthesis
            Run State: complete
            Return Code: 1
            Has Errors: no
            Run Start Time: 14:24:47
            Run Time: 02s
            Executable Run Time: 2 - (Executable run time excluding UI processing)
            Memory Usage: -
            Up-to-date (run skipped): no

      JobFlow: map
         Run Start Time: 14:24:49
         Runtime: 06s
         Executable Run Time: 6 - (Sum of all child executables)

         Job: fpga_mapper
            executable: bin64\m_generic.exe
            Run Directory: C:/Users/Lesc/Documents/LiberoProjects/prj_hamming_apb - TBEC_ RSC/synthesis
            Run State: complete
            Return Code: 1
            Has Errors: no
            Run Start Time: 14:24:49
            Run Time: 06s
            Executable Run Time: 6 - (Executable run time excluding UI processing)
            Memory Usage: -
            Up-to-date (run skipped): no
