
Copyright (C) 1994-2022 Synopsys, Inc.
This Synopsys software and all associated documentation are proprietary to Synopsys, Inc.
and may only be used pursuant to the terms and conditions of a written license agreement
with Synopsys, Inc. All other use, reproduction, modification, or distribution of the
Synopsys software or the associated documentation is strictly prohibited.
Tool: Synplify Pro (R)
Build: T-2022.09M-SP2-1
Install: C:\Microchip\Libero_SoC_v2023.2\SynplifyPro
OS: Windows 10 or later
Hostname: DESKTOP-OUF4AF5

Implementation : synthesis

# Written on Wed Dec 13 21:29:51 2023

##### DESIGN INFO #######################################################

Top View:                "prj_hamming_apb"
Constraint File(s):      "C:\Users\Lesc\Documents\LiberoProjects\prj_hamming_apb - CLC\designer\prj_hamming_apb\synthesis.fdc"




##### SUMMARY ############################################################

Found 0 issues in 0 out of 0 constraints


##### DETAILS ############################################################



Clock Relationships
*******************

Starting                                                              Ending                                                                |     rise to rise     |     fall to fall     |     rise to fall     |     fall to rise                     
-------------------------------------------------------------------------------------------------------------------------------------------------------------------------------------------------------------------------------------------------------
prj_hamming_apb_sb_CCC_0_FCCC|GL0_net_inferred_clock                  prj_hamming_apb_sb_CCC_0_FCCC|GL0_net_inferred_clock                  |     10.000           |     No paths         |     No paths         |     No paths                         
prj_hamming_apb_sb_CCC_0_FCCC|GL0_net_inferred_clock                  prj_hamming_apb_sb_FABOSC_0_OSC|RCOSC_25_50MHZ_CCC_inferred_clock     |     Diff grp         |     No paths         |     No paths         |     No paths                         
prj_hamming_apb_sb_FABOSC_0_OSC|RCOSC_25_50MHZ_CCC_inferred_clock     prj_hamming_apb_sb_CCC_0_FCCC|GL0_net_inferred_clock                  |     Diff grp         |     No paths         |     No paths         |     No paths                         
prj_hamming_apb_sb_FABOSC_0_OSC|RCOSC_25_50MHZ_CCC_inferred_clock     prj_hamming_apb_sb_FABOSC_0_OSC|RCOSC_25_50MHZ_CCC_inferred_clock     |     10.000           |     No paths         |     No paths         |     No paths                         
=======================================================================================================================================================================================================================================================
 Note: 'No paths' indicates there are no paths in the design for that pair of clock edges.
       'Diff grp' indicates that paths exist but the starting clock and ending clock are in different clock groups.


Unconstrained Start/End Points
******************************

p:DEVRST_N
p:GPIO_0_M2F


Inapplicable constraints
************************

(none)


Applicable constraints with issues
**********************************

(none)


Constraints with matching wildcard expressions
**********************************************

(none)


Library Report
**************


# End of Constraint Checker Report
