Synplify Pro (R) Job Log
Date: 21:29:57    13-Dec-2023
Install Directory: C:\Microchip\Libero_SoC_v2023.2\SynplifyPro

JobFlow: synthesis
   Run Start Time: 21:29:49
   Runtime: 08s
   Executable Run Time: 7 - (Sum of all child executables)
   Current Working Directory: C:\Users\Lesc\Documents\LiberoProjects\prj_hamming_apb - CLC\synthesis

   JobFlow: synthesis
      Run Start Time: 21:29:49
      Runtime: 08s
      Executable Run Time: 7 - (Sum of all child executables)

      JobFlow: compile
         Run Start Time: 21:29:49
         Runtime: 03s
         Executable Run Time: 2 - (Sum of all child executables)

         JobFlow: compile_flow
            Run Start Time: 21:29:49
            Runtime: 01s
            Executable Run Time: 0 - (Sum of all child executables)

            Job: compiler
               executable: bin64\c_hdl.exe
               Run Directory: C:/Users/Lesc/Documents/LiberoProjects/prj_hamming_apb - CLC/synthesis
               Run State: complete
               Return Code: 0
               Has Errors: no
               Run Start Time: 21:29:49
               Run Time: 00s
               Executable Run Time: 0 - (Executable run time excluding UI processing)
               Memory Usage: -
               Up-to-date (run skipped): no

            Job: multi_srs_gen
               executable: bin64\syn_nfilter.exe
               Run Directory: C:/Users/Lesc/Documents/LiberoProjects/prj_hamming_apb - CLC/synthesis
               Run State: complete
               Return Code: 0
               Has Errors: no
               Run Start Time: 21:29:49
               Run Time: 00s
               Executable Run Time: 0 - (Executable run time excluding UI processing)
               Memory Usage: -
               Up-to-date (run skipped): yes

         Job: premap
            executable: bin64\m_generic.exe
            Run Directory: C:/Users/Lesc/Documents/LiberoProjects/prj_hamming_apb - CLC/synthesis
            Run State: complete
            Return Code: 1
            Has Errors: no
            Run Start Time: 21:29:50
            Run Time: 02s
            Executable Run Time: 2 - (Executable run time excluding UI processing)
            Memory Usage: -
            Up-to-date (run skipped): no

      JobFlow: map
         Run Start Time: 21:29:52
         Runtime: 05s
         Executable Run Time: 5 - (Sum of all child executables)

         Job: fpga_mapper
            executable: bin64\m_generic.exe
            Run Directory: C:/Users/Lesc/Documents/LiberoProjects/prj_hamming_apb - CLC/synthesis
            Run State: complete
            Return Code: 1
            Has Errors: no
            Run Start Time: 21:29:52
            Run Time: 05s
            Executable Run Time: 5 - (Executable run time excluding UI processing)
            Memory Usage: -
            Up-to-date (run skipped): no
