Synplify Pro (R) Job Log
Date: 11:43:45    11-Dec-2023
Install Directory: C:\Microchip\Libero_SoC_v2023.2\SynplifyPro

JobFlow: synthesis
   Run Start Time: 11:43:35
   Runtime: 10s
   Executable Run Time: 9 - (Sum of all child executables)
   Current Working Directory: C:\Users\Lesc\Documents\LiberoProjects\led_blink_mss2\synthesis

   JobFlow: synthesis
      Run Start Time: 11:43:35
      Runtime: 10s
      Executable Run Time: 9 - (Sum of all child executables)

      JobFlow: compile
         Run Start Time: 11:43:35
         Runtime: 07s
         Executable Run Time: 6 - (Sum of all child executables)

         JobFlow: compile_flow
            Run Start Time: 11:43:35
            Runtime: 05s
            Executable Run Time: 4 - (Sum of all child executables)

            Job: compiler
               executable: bin64\c_hdl.exe
               Run Directory: C:/Users/Lesc/Documents/LiberoProjects/led_blink_mss2/synthesis
               Run State: complete
               Return Code: 0
               Has Errors: no
               Run Start Time: 11:43:35
               Run Time: 05s
               Executable Run Time: 4 - (Executable run time excluding UI processing)
               Memory Usage: -
               Up-to-date (run skipped): no

            Job: multi_srs_gen
               executable: bin64\syn_nfilter.exe
               Run Directory: C:/Users/Lesc/Documents/LiberoProjects/led_blink_mss2/synthesis
               Run State: complete
               Return Code: 0
               Has Errors: no
               Run Start Time: 11:43:40
               Run Time: 00s
               Executable Run Time: 0 - (Executable run time excluding UI processing)
               Memory Usage: -
               Up-to-date (run skipped): no

         Job: premap
            executable: bin64\m_generic.exe
            Run Directory: C:/Users/Lesc/Documents/LiberoProjects/led_blink_mss2/synthesis
            Run State: complete
            Return Code: 1
            Has Errors: no
            Run Start Time: 11:43:40
            Run Time: 02s
            Executable Run Time: 2 - (Executable run time excluding UI processing)
            Memory Usage: -
            Up-to-date (run skipped): no

      JobFlow: map
         Run Start Time: 11:43:42
         Runtime: 03s
         Executable Run Time: 3 - (Sum of all child executables)

         Job: fpga_mapper
            executable: bin64\m_generic.exe
            Run Directory: C:/Users/Lesc/Documents/LiberoProjects/led_blink_mss2/synthesis
            Run State: complete
            Return Code: 1
            Has Errors: no
            Run Start Time: 11:43:42
            Run Time: 03s
            Executable Run Time: 3 - (Executable run time excluding UI processing)
            Memory Usage: -
            Up-to-date (run skipped): no
