Resource Usage Report for prj_hamming_apb 

Mapping to part: m2s010vf400std
Cell usage:
CCC             1 use
CLKINT          1 use
MSS_010         1 use
RCOSC_25_50MHZ  1 use
SYSRESET        1 use
CFG2           22 uses
CFG3           28 uses
CFG4           242 uses


Sequential Cells: 
SLE            163 uses

DSP Blocks:    0 of 22 (0%)

I/O ports: 2
I/O primitives: 1
OUTBUF         1 use


Global Clock Buffers: 1

Total LUTs:    292

Extra resources required for RAM and MACC interface logic during P&R:

RAM64x18 Interface Logic : SLEs = 0; LUTs = 0;
RAM1K18  Interface Logic : SLEs = 0; LUTs = 0;
MACC     Interface Logic : SLEs = 0; LUTs = 0;

Total number of SLEs after P&R:  163 + 0 + 0 + 0 = 163;
Total number of LUTs after P&R:  292 + 0 + 0 + 0 = 292;

